Sink #57
	State: SUSPENDED
	Name: alsa_output.pci-0000_09_00.4.iec958-stereo
	Description: Starship/Matisse HD Audio Controller Digital Stereo (IEC958)
	Driver: PipeWire
	Sample Specification: s16le 2ch 48000Hz
	Channel Map: front-left,front-right
	Owner Module: 4294967295
	Mute: no
	Volume: front-left: 28093 /  43% / -22.07 dB,   front-right: 28093 /  43% / -22.07 dB
	        balance 0.00
	Base Volume: 65536 / 100% / 0.00 dB
	Monitor Source: alsa_output.pci-0000_09_00.4.iec958-stereo.monitor
	Latency: 0 usec, configured 0 usec
	Flags: HARDWARE HW_MUTE_CTRL DECIBEL_VOLUME LATENCY SET_FORMATS 
	Properties:
		object.path = "alsa:pcm:2:iec958:2:playback"
		api.alsa.path = "iec958:2"
		api.alsa.pcm.card = "2"
		api.alsa.pcm.stream = "playback"
		audio.channels = "2"
		audio.position = "FL,FR"
		device.routes = "1"
		alsa.resolution_bits = "16"
		device.api = "alsa"
		device.class = "sound"
		alsa.class = "generic"
		alsa.subclass = "generic-mix"
		alsa.name = "ALC1220 Digital"
		alsa.id = "ALC1220 Digital"
		alsa.subdevice = "0"
		alsa.subdevice_name = "subdevice #0"
		alsa.device = "1"
		alsa.card = "2"
		alsa.card_name = "HD-Audio Generic"
		alsa.long_card_name = "HD-Audio Generic at 0xfc800000 irq 135"
		alsa.driver_name = "snd_hda_intel"
		device.profile.name = "iec958-stereo"
		device.profile.description = "Digital Stereo (IEC958)"
		card.profile.device = "11"
		device.id = "42"
		factory.name = "api.alsa.pcm.sink"
		priority.driver = "608"
		priority.session = "608"
		media.class = "Audio/Sink"
		node.nick = "HD-Audio Generic"
		node.name = "alsa_output.pci-0000_09_00.4.iec958-stereo"
		device.description = "Starship/Matisse HD Audio Controller Digital Stereo (IEC958)"
		device.icon_name = "audio-card-iec958"
		device.bus = "pci"
		device.bus_path = "pci-0000:09:00.4"
		node.pause-on-idle = "false"
		factory.id = "18"
		client.id = "32"
		node.driver = "true"
		factory.mode = "merge"
		audio.adapt.follower = ""
		library.name = "audioconvert/libspa-audioconvert"
		object.id = "57"
	Ports:
		iec958-stereo-output: Digital Output (S/PDIF) (type: SPDIF, priority: 0, availability unknown)
	Active Port: iec958-stereo-output
	Formats:
		pcm

Sink #56
	State: SUSPENDED
	Name: alsa_output.pci-0000_07_00.1.hdmi-stereo
	Description: GM204 High Definition Audio Controller Digital Stereo (HDMI)
	Driver: PipeWire
	Sample Specification: s16le 2ch 48000Hz
	Channel Map: front-left,front-right
	Owner Module: 4294967295
	Mute: no
	Volume: front-left: 28834 /  44% / -21.39 dB,   front-right: 28834 /  44% / -21.39 dB
	        balance 0.00
	Base Volume: 65536 / 100% / 0.00 dB
	Monitor Source: alsa_output.pci-0000_07_00.1.hdmi-stereo.monitor
	Latency: 0 usec, configured 0 usec
	Flags: HARDWARE DECIBEL_VOLUME LATENCY SET_FORMATS 
	Properties:
		object.path = "alsa:pcm:1:hdmi:1:playback"
		api.alsa.path = "hdmi:1"
		api.alsa.pcm.card = "1"
		api.alsa.pcm.stream = "playback"
		audio.channels = "2"
		audio.position = "FL,FR"
		device.routes = "1"
		alsa.resolution_bits = "16"
		device.api = "alsa"
		device.class = "sound"
		alsa.class = "generic"
		alsa.subclass = "generic-mix"
		alsa.name = "HDMI 0"
		alsa.id = "HDMI 0"
		alsa.subdevice = "0"
		alsa.subdevice_name = "subdevice #0"
		alsa.device = "3"
		alsa.card = "1"
		alsa.card_name = "HDA NVidia"
		alsa.long_card_name = "HDA NVidia at 0xfc080000 irq 133"
		alsa.driver_name = "snd_hda_intel"
		device.profile.name = "hdmi-stereo"
		device.profile.description = "Digital Stereo (HDMI)"
		card.profile.device = "7"
		device.id = "36"
		factory.name = "api.alsa.pcm.sink"
		priority.driver = "632"
		priority.session = "632"
		media.class = "Audio/Sink"
		node.nick = "HDA NVidia"
		node.name = "alsa_output.pci-0000_07_00.1.hdmi-stereo"
		device.description = "GM204 High Definition Audio Controller Digital Stereo (HDMI)"
		device.icon_name = "audio-card-hdmi"
		device.bus = "pci"
		device.bus_path = "pci-0000:07:00.1"
		node.pause-on-idle = "false"
		factory.id = "18"
		client.id = "32"
		node.driver = "true"
		factory.mode = "merge"
		audio.adapt.follower = ""
		library.name = "audioconvert/libspa-audioconvert"
		object.id = "56"
		node.max-latency = "8192/48000"
	Ports:
		hdmi-output-0: HDMI / DisplayPort (type: HDMI, priority: 5900, availability group: Legacy 1, available)
	Active Port: hdmi-output-0
	Formats:
		pcm
