**** List of PLAYBACK Hardware Devices ****
card 1: NVidia [HDA NVidia], device 3: HDMI 0 [HDMI 0]
  Subdevices: 1/1
  Subdevice #0: subdevice #0
card 1: NVidia [HDA NVidia], device 7: HDMI 1 [HDMI 1]
  Subdevices: 1/1
  Subdevice #0: subdevice #0
card 1: NVidia [HDA NVidia], device 8: HDMI 2 [HDMI 2]
  Subdevices: 1/1
  Subdevice #0: subdevice #0
card 1: NVidia [HDA NVidia], device 9: HDMI 3 [HDMI 3]
  Subdevices: 1/1
  Subdevice #0: subdevice #0
card 1: NVidia [HDA NVidia], device 10: HDMI 4 [HDMI 4]
  Subdevices: 1/1
  Subdevice #0: subdevice #0
card 1: NVidia [HDA NVidia], device 11: HDMI 5 [HDMI 5]
  Subdevices: 1/1
  Subdevice #0: subdevice #0
card 1: NVidia [HDA NVidia], device 12: HDMI 6 [HDMI 6]
  Subdevices: 1/1
  Subdevice #0: subdevice #0
card 2: Generic [HD-Audio Generic], device 0: ALC1220 Analog [ALC1220 Analog]
  Subdevices: 1/1
  Subdevice #0: subdevice #0
card 2: Generic [HD-Audio Generic], device 1: ALC1220 Digital [ALC1220 Digital]
  Subdevices: 1/1
  Subdevice #0: subdevice #0
